2026-05-21 00:48:13,135 - INFO - Log dir: logs/blinkernet_20260521-004813
2026-05-21 00:48:13,136 - INFO - Device: cuda
2026-05-21 00:48:13,136 - INFO - Config: {'batch_size': 8, 'epochs': 50, 'optimizer': 'adamw', 'learning_rate': 0.001, 'weight_decay': 0.0001, 'scheduler': 'cosine', 'max_length': 64, 'use_frame_diff': True}
2026-05-21 00:48:13,136 - INFO - Dataset: 1014 videos, 29 classes
2026-05-21 00:48:13,137 - INFO - Split: train=724, val=145, test=145
2026-05-21 00:48:13,281 - INFO - Model: BlinkerNet, params=542,030
2026-05-21 00:48:31,145 - INFO - Epoch   1/50  Train L=3.3920 A=4.0%  Val L=3.3470 A=5.5%
2026-05-21 00:48:48,454 - INFO - Epoch   2/50  Train L=3.1772 A=9.3%  Val L=2.8627 A=18.6%
2026-05-21 00:49:05,897 - INFO - Epoch   3/50  Train L=2.8472 A=16.3%  Val L=2.4635 A=28.3%
2026-05-21 00:49:23,358 - INFO - Epoch   4/50  Train L=2.5013 A=27.6%  Val L=2.1074 A=35.2%
2026-05-21 00:49:40,587 - INFO - Epoch   5/50  Train L=2.0882 A=39.6%  Val L=1.8177 A=45.5%
2026-05-21 00:49:58,042 - INFO - Epoch   6/50  Train L=1.7226 A=50.6%  Val L=1.4688 A=59.3%
2026-05-21 00:50:15,394 - INFO - Epoch   7/50  Train L=1.4348 A=60.9%  Val L=1.2303 A=69.7%
2026-05-21 00:50:32,611 - INFO - Epoch   8/50  Train L=1.2639 A=69.8%  Val L=1.0932 A=76.6%
2026-05-21 00:50:49,897 - INFO - Epoch   9/50  Train L=1.1339 A=74.3%  Val L=1.0365 A=82.1%
2026-05-21 00:51:07,352 - INFO - Epoch  10/50  Train L=1.0189 A=82.5%  Val L=0.8911 A=85.5%
2026-05-21 00:51:24,581 - INFO - Epoch  11/50  Train L=0.9269 A=86.5%  Val L=0.8821 A=86.9%
2026-05-21 00:51:41,823 - INFO - Epoch  12/50  Train L=0.8591 A=90.9%  Val L=0.8720 A=88.3%
2026-05-21 00:51:59,189 - INFO - Epoch  13/50  Train L=0.8605 A=90.9%  Val L=0.8055 A=90.3%
2026-05-21 00:52:16,389 - INFO - Epoch  14/50  Train L=0.7974 A=93.5%  Val L=0.7640 A=93.1%
2026-05-21 00:52:33,659 - INFO - Epoch  15/50  Train L=0.7707 A=94.8%  Val L=0.7444 A=95.2%
2026-05-21 00:52:50,804 - INFO - Epoch  16/50  Train L=0.7450 A=95.0%  Val L=0.7620 A=92.4%
2026-05-21 00:53:08,191 - INFO - Epoch  17/50  Train L=0.7215 A=96.3%  Val L=0.7794 A=93.1%
2026-05-21 00:53:25,368 - INFO - Epoch  18/50  Train L=0.7079 A=95.6%  Val L=0.7179 A=94.5%
2026-05-21 00:53:42,642 - INFO - Epoch  19/50  Train L=0.6950 A=97.0%  Val L=0.7266 A=93.1%
2026-05-21 00:53:59,986 - INFO - Epoch  20/50  Train L=0.6893 A=97.8%  Val L=0.7530 A=92.4%
2026-05-21 00:54:17,438 - INFO - Epoch  21/50  Train L=0.6686 A=97.5%  Val L=0.7532 A=94.5%
2026-05-21 00:54:34,719 - INFO - Epoch  22/50  Train L=0.6635 A=97.0%  Val L=0.7444 A=95.9%
2026-05-21 00:54:51,944 - INFO - Epoch  23/50  Train L=0.6448 A=98.2%  Val L=0.7303 A=95.9%
2026-05-21 00:55:09,289 - INFO - Epoch  24/50  Train L=0.6458 A=98.9%  Val L=0.7281 A=95.2%
2026-05-21 00:55:26,600 - INFO - Epoch  25/50  Train L=0.6420 A=98.5%  Val L=0.7330 A=94.5%
2026-05-21 00:55:44,017 - INFO - Epoch  26/50  Train L=0.6307 A=99.3%  Val L=0.7365 A=94.5%
2026-05-21 00:56:01,568 - INFO - Epoch  27/50  Train L=0.6181 A=99.0%  Val L=0.7103 A=95.9%
2026-05-21 00:56:19,096 - INFO - Epoch  28/50  Train L=0.6114 A=99.7%  Val L=0.7248 A=95.9%
2026-05-21 00:56:36,363 - INFO - Epoch  29/50  Train L=0.6077 A=99.7%  Val L=0.7102 A=96.6%
2026-05-21 00:56:53,799 - INFO - Epoch  30/50  Train L=0.5997 A=99.4%  Val L=0.7152 A=95.9%
2026-05-21 00:57:11,198 - INFO - Epoch  31/50  Train L=0.5924 A=99.9%  Val L=0.7379 A=95.2%
2026-05-21 00:57:28,657 - INFO - Epoch  32/50  Train L=0.5851 A=99.9%  Val L=0.6994 A=96.6%
2026-05-21 00:57:45,702 - INFO - Epoch  33/50  Train L=0.5794 A=99.7%  Val L=0.7050 A=95.9%
2026-05-21 00:58:02,841 - INFO - Epoch  34/50  Train L=0.5704 A=99.9%  Val L=0.6683 A=96.6%
2026-05-21 00:58:20,222 - INFO - Epoch  35/50  Train L=0.5699 A=100.0%  Val L=0.6778 A=95.9%
2026-05-21 00:58:37,759 - INFO - Epoch  36/50  Train L=0.5673 A=100.0%  Val L=0.6744 A=96.6%
2026-05-21 00:58:55,082 - INFO - Epoch  37/50  Train L=0.5675 A=100.0%  Val L=0.6666 A=95.9%
2026-05-21 00:59:12,298 - INFO - Epoch  38/50  Train L=0.5595 A=99.9%  Val L=0.6686 A=96.6%
2026-05-21 00:59:29,487 - INFO - Epoch  39/50  Train L=0.5579 A=100.0%  Val L=0.6495 A=97.2%
2026-05-21 00:59:46,625 - INFO - Epoch  40/50  Train L=0.5559 A=100.0%  Val L=0.6482 A=97.2%
2026-05-21 01:00:03,711 - INFO - Epoch  41/50  Train L=0.5504 A=100.0%  Val L=0.6497 A=96.6%
2026-05-21 01:00:20,534 - INFO - Epoch  42/50  Train L=0.5483 A=100.0%  Val L=0.6405 A=96.6%
2026-05-21 01:00:37,640 - INFO - Epoch  43/50  Train L=0.5518 A=100.0%  Val L=0.6508 A=97.2%
2026-05-21 01:00:54,946 - INFO - Epoch  44/50  Train L=0.5491 A=100.0%  Val L=0.6409 A=96.6%
2026-05-21 01:01:11,921 - INFO - Epoch  45/50  Train L=0.5483 A=100.0%  Val L=0.6448 A=96.6%
2026-05-21 01:01:28,842 - INFO - Epoch  46/50  Train L=0.5456 A=100.0%  Val L=0.6414 A=96.6%
2026-05-21 01:01:46,245 - INFO - Epoch  47/50  Train L=0.5465 A=100.0%  Val L=0.6412 A=96.6%
2026-05-21 01:02:03,571 - INFO - Epoch  48/50  Train L=0.5462 A=100.0%  Val L=0.6420 A=96.6%
2026-05-21 01:02:20,837 - INFO - Epoch  49/50  Train L=0.5444 A=100.0%  Val L=0.6426 A=96.6%
2026-05-21 01:02:38,011 - INFO - Epoch  50/50  Train L=0.5517 A=100.0%  Val L=0.6418 A=97.2%
2026-05-21 01:02:38,012 - INFO - Best val accuracy: 97.24%
2026-05-21 01:02:38,012 - INFO - Loading best checkpoint for test evaluation
2026-05-21 01:02:40,085 - INFO - Test Accuracy: 98.62%
2026-05-21 01:02:41,376 - INFO - Class  0 (00000000000000)  P=1.00  R=1.00  F1=1.00
2026-05-21 01:02:41,377 - INFO - Class  1 (11000100010001)  P=1.00  R=1.00  F1=1.00
2026-05-21 01:02:41,377 - INFO - Class  2 (11000100010010)  P=1.00  R=1.00  F1=1.00
2026-05-21 01:02:41,377 - INFO - Class  3 (11000100010011)  P=1.00  R=1.00  F1=1.00
2026-05-21 01:02:41,377 - INFO - Class  4 (11000100100001)  P=0.83  R=1.00  F1=0.91
2026-05-21 01:02:41,377 - INFO - Class  5 (11000100100010)  P=1.00  R=1.00  F1=1.00
2026-05-21 01:02:41,377 - INFO - Class  6 (11000100100011)  P=1.00  R=0.80  F1=0.89
2026-05-21 01:02:41,377 - INFO - Class  7 (11000100110001)  P=1.00  R=1.00  F1=1.00
2026-05-21 01:02:41,377 - INFO - Class  8 (11000100110010)  P=1.00  R=1.00  F1=1.00
2026-05-21 01:02:41,377 - INFO - Class  9 (11000100110011)  P=1.00  R=1.00  F1=1.00
2026-05-21 01:02:41,377 - INFO - Class 10 (11001000010001)  P=1.00  R=0.80  F1=0.89
2026-05-21 01:02:41,377 - INFO - Class 11 (11001000010010)  P=1.00  R=1.00  F1=1.00
2026-05-21 01:02:41,377 - INFO - Class 12 (11001000010011)  P=0.83  R=1.00  F1=0.91
2026-05-21 01:02:41,377 - INFO - Class 13 (11001000100001)  P=1.00  R=1.00  F1=1.00
2026-05-21 01:02:41,377 - INFO - Class 14 (11001000100010)  P=1.00  R=1.00  F1=1.00
2026-05-21 01:02:41,378 - INFO - Class 15 (11001000100011)  P=1.00  R=1.00  F1=1.00
2026-05-21 01:02:41,378 - INFO - Class 16 (11001000110001)  P=1.00  R=1.00  F1=1.00
2026-05-21 01:02:41,378 - INFO - Class 17 (11001000110010)  P=1.00  R=1.00  F1=1.00
2026-05-21 01:02:41,378 - INFO - Class 18 (11001000110011)  P=1.00  R=1.00  F1=1.00
2026-05-21 01:02:41,378 - INFO - Class 19 (11001001110011)  P=1.00  R=1.00  F1=1.00
2026-05-21 01:02:41,378 - INFO - Class 20 (11001100010001)  P=1.00  R=1.00  F1=1.00
2026-05-21 01:02:41,378 - INFO - Class 21 (11001100010010)  P=1.00  R=1.00  F1=1.00
2026-05-21 01:02:41,378 - INFO - Class 22 (11001100010011)  P=1.00  R=1.00  F1=1.00
2026-05-21 01:02:41,378 - INFO - Class 23 (11001100100001)  P=1.00  R=1.00  F1=1.00
2026-05-21 01:02:41,378 - INFO - Class 24 (11001100100010)  P=1.00  R=1.00  F1=1.00
2026-05-21 01:02:41,378 - INFO - Class 25 (11001100100011)  P=1.00  R=1.00  F1=1.00
2026-05-21 01:02:41,378 - INFO - Class 26 (11001100110001)  P=1.00  R=1.00  F1=1.00
2026-05-21 01:02:41,378 - INFO - Class 27 (11001100110010)  P=1.00  R=1.00  F1=1.00
2026-05-21 01:02:41,378 - INFO - Class 28 (11001100110011)  P=1.00  R=1.00  F1=1.00
2026-05-21 01:02:41,378 - INFO - Macro  P=0.99  R=0.99  F1=0.99
